<?xml version="1.0" encoding="UTF-8"?>
<!-- Generated by org.testng.reporters.JUnitReportReporter -->
<testsuite skipped="0" hostname="WIN-2GJTPNPS4P8" name="ilia.BootCamp.Test.Registration_Form_Test" tests="1" failures="0" timestamp="08 Jul 2019 18:35:02 GMT" time="25.456" errors="0">
  <testcase name="test" time="25.456" classname="ilia.BootCamp.Test.Registration_Form_Test"/>
</testsuite> <!-- ilia.BootCamp.Test.Registration_Form_Test -->
